<?xml version="1.0" encoding="UTF-8"?>
<testsuite xmlns:xsi="http://www.w3.org/2001/XMLSchema-instance" xsi:noNamespaceSchemaLocation="https://maven.apache.org/surefire/maven-surefire-plugin/xsd/surefire-test-report.xsd" version="3.0.1" name="com.craftinginterpreters.lox.EnvironmentTest" time="0.027" tests="9" errors="0" skipped="0" failures="0">
  <properties>
[...]
</properties>
  <testcase name="shouldAssignCorrectly" classname="com.craftinginterpreters.lox.EnvironmentTest" time="0.014"/>
  <testcase name="shouldThrowIfTokenIsNotPresent" classname="com.craftinginterpreters.lox.EnvironmentTest" time="0.0"/>
  <testcase name="shouldThrowIfAssignToUnknownVarWithOuterEnv" classname="com.craftinginterpreters.lox.EnvironmentTest" time="0.001"/>
  <testcase name="shouldDefineCorrectly" classname="com.craftinginterpreters.lox.EnvironmentTest" time="0.0"/>
  <testcase name="shouldThrowIfInstantiateWithANullOuterEnvironment" classname="com.craftinginterpreters.lox.EnvironmentTest" time="0.0"/>
  <testcase name="shouldAssignInOuterEnv" classname="com.craftinginterpreters.lox.EnvironmentTest" time="0.0"/>
  <testcase name="shouldThrowIfAssignToUnknownVar" classname="com.craftinginterpreters.lox.EnvironmentTest" time="0.0"/>
  <testcase name="shouldThrowIfTokenIsNotPresentEvenInOuterEnv" classname="com.craftinginterpreters.lox.EnvironmentTest" time="0.0"/>
  <testcase name="shouldFindInOuterEnv" classname="com.craftinginterpreters.lox.EnvironmentTest" time="0.0"/>
</testsuite>